1709270071581:time
1709270375260:help
1709270386601:stacktrace
1709270389111:clear
1709270394709:version
1709270397022:quit
1709270592237:time
1709270612508:time Australia/Melbourne
1709270624316:time Australia/Melborne
1709270635249:stacktrace
1709270706082:now
1709270721396:date
1709270735463:time
1709270753499:time Asia/Tokyo
1709270852403:date
1709270866154:date Asia/Tokyo
1709270920749:date America/Los Angeles
1709270927337:now
1709270994522:now UTC
1709271999966:exit
1709272495358:version
1709550784808:time
1709550787295:date
1709550793003:time Asia/Bangkok
1709550804357:time Asia/Tehran
1709550921111:hello
1709551209420:version
1709551550253:name
1709551552315:help
1709551567987:script
1709551633815:exit
1709551656338:completion
1709551659065:help
1709551666227:history
1709552461809:time
1709553642764:hello
1709553647570:time
1709553915156:kd
1709553917576:kdb
1709553922967:kdb pro
1709554391358:kdb Sta
1709554398076:kdb c
1709554446309:kdb ds
1709554500563:asd
1709554538040:kdb iis
1709554566400:kdb DEV
1709554659602:kdb ass
1709554668910:stacktrace
1709554695163:kdb assa
1709638265573:kdb dev
1709638489814:kdb
1709638533945:kdb sta
1709638634982:kdb dec
1709638648490:kdb
1709639336925:kdb dev
1709639401814:time
1709639411426:Now
1709639413258:now
